Performing C++ SOURCE FILE Test HAVE_FFMPEG_MAX_ANALYZE_DURATION2 failed with the following output:
Change Dir: /home/ron/work/src/Pangolin/build/CMakeFiles/CMakeTmp

Run Build Command:"/usr/bin/make" "cmTC_8c10c/fast"
/usr/bin/make -f CMakeFiles/cmTC_8c10c.dir/build.make CMakeFiles/cmTC_8c10c.dir/build
make[1]: Entering directory '/home/ron/work/src/Pangolin/build/CMakeFiles/CMakeTmp'
Building CXX object CMakeFiles/cmTC_8c10c.dir/src.cxx.o
/usr/bin/c++    -std=c++0x -Wall  -DHAVE_FFMPEG_MAX_ANALYZE_DURATION2   -o CMakeFiles/cmTC_8c10c.dir/src.cxx.o -c /home/ron/work/src/Pangolin/build/CMakeFiles/CMakeTmp/src.cxx
/home/ron/work/src/Pangolin/build/CMakeFiles/CMakeTmp/src.cxx: In function ‘int main()’:
/home/ron/work/src/Pangolin/build/CMakeFiles/CMakeTmp/src.cxx:3:27: error: ‘max_analyze_duration2’ is not a member of ‘AVFormatContext’
         &AVFormatContext::max_analyze_duration2;
                           ^~~~~~~~~~~~~~~~~~~~~
CMakeFiles/cmTC_8c10c.dir/build.make:65: recipe for target 'CMakeFiles/cmTC_8c10c.dir/src.cxx.o' failed
make[1]: *** [CMakeFiles/cmTC_8c10c.dir/src.cxx.o] Error 1
make[1]: Leaving directory '/home/ron/work/src/Pangolin/build/CMakeFiles/CMakeTmp'
Makefile:126: recipe for target 'cmTC_8c10c/fast' failed
make: *** [cmTC_8c10c/fast] Error 2

Source file was:
#include "/usr/include/x86_64-linux-gnu/libavformat/avformat.h"
      int main() {
        &AVFormatContext::max_analyze_duration2;
      }
